<?xml version="1.0" encoding="UTF-8"?>
<!-- Generated by org.testng.reporters.JUnitXMLReporter -->
<testsuite ignored="0" hostname="DESKTOP-VO2S2HA" failures="0" tests="2" name="Test" time="0.162" errors="0" timestamp="2023-06-26T17:00:11 IST">
  <testcase classname="day19June23.Test.LoginTest" name="@BeforeMethod setUp" time="0.022">
    <failure type="java.lang.Error" message="Unresolved compilation problem: 
	Duration cannot be resolved
">
      <![CDATA[java.lang.Error: Unresolved compilation problem: 
Duration cannot be resolved

at day19June23.Test.LoginTest.setUp(LoginTest.java:23)
at java.base/java.util.ArrayList.forEach(ArrayList.java:1511)
... Removed 29 stack frames]]>
    </failure>
  </testcase> <!-- @BeforeMethod setUp -->
  <testcase classname="day19June23.Test.LoginTest" name="@AfterMethod tearDown" time="-1.687779011046E9">
    <skipped/>
  </testcase> <!-- @AfterMethod tearDown -->
  <testcase classname="day19June23.Test.LandingPageTest" name="@BeforeMethod setUp" time="0.001">
    <failure type="java.lang.Error" message="Unresolved compilation problem: 
	Duration cannot be resolved
">
      <![CDATA[java.lang.Error: Unresolved compilation problem: 
Duration cannot be resolved

at day19June23.Test.LandingPageTest.setUp(LandingPageTest.java:24)
at java.base/java.util.ArrayList.forEach(ArrayList.java:1511)
... Removed 29 stack frames]]>
    </failure>
  </testcase> <!-- @BeforeMethod setUp -->
  <testcase classname="day19June23.Test.LandingPageTest" name="@AfterMethod tearDown" time="-1.687779011077E9">
    <skipped/>
  </testcase> <!-- @AfterMethod tearDown -->
  <testcase classname="day19June23.Test.LoginTest" name="loginTest1" time="0.0">
    <skipped/>
  </testcase> <!-- loginTest1 -->
  <testcase classname="day19June23.Test.LandingPageTest" name="verifyUrlTest" time="0.0">
    <skipped/>
  </testcase> <!-- verifyUrlTest -->
</testsuite> <!-- Test -->
